Copyright 1986-2018 Xilinx, Inc. All Rights Reserved.
----------------------------------------------------------------------------------------------------------------------------------------------------
| Tool Version     : Vivado v.2018.3 (lin64) Build 2405991 Thu Dec  6 23:36:41 MST 2018
| Date             : Mon Jun  3 11:39:38 2019
| Host             : rugged running 64-bit Debian GNU/Linux unstable (sid)
| Command          : report_power -file system_top_power_routed.rpt -pb system_top_power_summary_routed.pb -rpx system_top_power_routed.rpx
| Design           : system_top
| Device           : xc7z010clg225-1
| Design State     : routed
| Grade            : commercial
| Process          : typical
| Characterization : Production
----------------------------------------------------------------------------------------------------------------------------------------------------

Power Report

Table of Contents
-----------------
1. Summary
1.1 On-Chip Components
1.2 Power Supply Summary
1.3 Confidence Level
2. Settings
2.1 Environment
2.2 Clock Constraints
3. Detailed Reports
3.1 By Hierarchy

1. Summary
----------

+--------------------------+--------------+
| Total On-Chip Power (W)  | 0.315        |
| Design Power Budget (W)  | Unspecified* |
| Power Budget Margin (W)  | NA           |
| Dynamic (W)              | 0.220        |
| Device Static (W)        | 0.095        |
| Effective TJA (C/W)      | 11.5         |
| Max Ambient (C)          | 81.4         |
| Junction Temperature (C) | 28.6         |
| Confidence Level         | Low          |
| Setting File             | ---          |
| Simulation Activity File | ---          |
| Design Nets Matched      | NA           |
+--------------------------+--------------+
* Specify Design Power Budget using, set_operating_conditions -design_power_budget <value in Watts>


1.1 On-Chip Components
----------------------

+--------------------------+-----------+----------+-----------+-----------------+
| On-Chip                  | Power (W) | Used     | Available | Utilization (%) |
+--------------------------+-----------+----------+-----------+-----------------+
| Clocks                   |     0.042 |        5 |       --- |             --- |
| Slice Logic              |     0.039 |    30626 |       --- |             --- |
|   LUT as Logic           |     0.032 |     8073 |     17600 |           45.87 |
|   CARRY4                 |     0.003 |      908 |      4400 |           20.64 |
|   Register               |     0.003 |    16910 |     35200 |           48.04 |
|   LUT as Shift Register  |    <0.001 |      920 |      6000 |           15.33 |
|   F7/F8 Muxes            |    <0.001 |      281 |     17600 |            1.60 |
|   LUT as Distributed RAM |    <0.001 |      112 |      6000 |            1.87 |
|   Others                 |     0.000 |     1158 |       --- |             --- |
| Signals                  |     0.048 |    24072 |       --- |             --- |
| Block RAM                |     0.033 |     14.5 |        60 |           24.17 |
| DSPs                     |     0.034 |       60 |        80 |           75.00 |
| I/O                      |     0.024 |       52 |        54 |           96.30 |
| PS7                      |     0.000 |        1 |       --- |             --- |
| Static Power             |     0.095 |          |           |                 |
| Total                    |     0.315 |          |           |                 |
+--------------------------+-----------+----------+-----------+-----------------+


1.2 Power Supply Summary
------------------------

+-----------+-------------+-----------+-------------+------------+
| Source    | Voltage (V) | Total (A) | Dynamic (A) | Static (A) |
+-----------+-------------+-----------+-------------+------------+
| Vccint    |       1.000 |     0.199 |       0.195 |      0.004 |
| Vccaux    |       1.800 |     0.014 |       0.008 |      0.006 |
| Vcco33    |       3.300 |     0.000 |       0.000 |      0.000 |
| Vcco25    |       2.500 |     0.000 |       0.000 |      0.000 |
| Vcco18    |       1.800 |     0.006 |       0.005 |      0.001 |
| Vcco15    |       1.500 |     0.000 |       0.000 |      0.000 |
| Vcco135   |       1.350 |     0.000 |       0.000 |      0.000 |
| Vcco12    |       1.200 |     0.000 |       0.000 |      0.000 |
| Vccaux_io |       1.800 |     0.000 |       0.000 |      0.000 |
| Vccbram   |       1.000 |     0.003 |       0.002 |      0.001 |
| MGTAVcc   |       1.000 |     0.000 |       0.000 |      0.000 |
| MGTAVtt   |       1.200 |     0.000 |       0.000 |      0.000 |
| MGTVccaux |       1.800 |     0.000 |       0.000 |      0.000 |
| Vccpint   |       1.000 |     0.018 |       0.000 |      0.018 |
| Vccpaux   |       1.800 |     0.010 |       0.000 |      0.010 |
| Vccpll    |       1.800 |     0.003 |       0.000 |      0.003 |
| Vcco_ddr  |       1.500 |     0.000 |       0.000 |      0.000 |
| Vcco_mio0 |       1.800 |     0.000 |       0.000 |      0.000 |
| Vcco_mio1 |       1.800 |     0.000 |       0.000 |      0.000 |
| Vccadc    |       1.800 |     0.020 |       0.000 |      0.020 |
+-----------+-------------+-----------+-------------+------------+


1.3 Confidence Level
--------------------

+-----------------------------+------------+--------------------------------------------------------+------------------------------------------------------------------------------------------------------------+
| User Input Data             | Confidence | Details                                                | Action                                                                                                     |
+-----------------------------+------------+--------------------------------------------------------+------------------------------------------------------------------------------------------------------------+
| Design implementation state | High       | Design is routed                                       |                                                                                                            |
| Clock nodes activity        | High       | User specified more than 95% of clocks                 |                                                                                                            |
| I/O nodes activity          | Low        | More than 75% of inputs are missing user specification | Provide missing input activity with simulation results or by editing the "By Resource Type -> I/Os" view   |
| Internal nodes activity     | Medium     | User specified less than 25% of internal nodes         | Provide missing internal nodes activity with simulation results or by editing the "By Resource Type" views |
| Device models               | High       | Device models are Production                           |                                                                                                            |
|                             |            |                                                        |                                                                                                            |
| Overall confidence level    | Low        |                                                        |                                                                                                            |
+-----------------------------+------------+--------------------------------------------------------+------------------------------------------------------------------------------------------------------------+


2. Settings
-----------

2.1 Environment
---------------

+-----------------------+------------------------+
| Ambient Temp (C)      | 25.0                   |
| ThetaJA (C/W)         | 11.5                   |
| Airflow (LFM)         | 250                    |
| Heat Sink             | none                   |
| ThetaSA (C/W)         | 0.0                    |
| Board Selection       | medium (10"x10")       |
| # of Board Layers     | 8to11 (8 to 11 Layers) |
| Board Temperature (C) | 25.0                   |
+-----------------------+------------------------+


2.2 Clock Constraints
---------------------

+------------+---------------------------------------------------------------+-----------------+
| Clock      | Domain                                                        | Constraint (ns) |
+------------+---------------------------------------------------------------+-----------------+
| clk_fpga_0 | i_system_wrapper/system_i/sys_ps7/inst/FCLK_CLK_unbuffered[0] |            10.0 |
| clk_fpga_1 | i_system_wrapper/system_i/sys_ps7/inst/FCLK_CLK_unbuffered[1] |             5.0 |
| rx_clk     | rx_clk_in                                                     |            16.3 |
+------------+---------------------------------------------------------------+-----------------+


3. Detailed Reports
-------------------

3.1 By Hierarchy
----------------

+----------------------------+-----------+
| Name                       | Power (W) |
+----------------------------+-----------+
| system_top                 |     0.220 |
|   i_system_wrapper         |     0.211 |
|     system_i               |     0.211 |
|       axi_ad9361           |     0.094 |
|       axi_ad9361_adc_dma   |     0.007 |
|       axi_ad9361_dac_dma   |     0.004 |
|       axi_cpu_interconnect |     0.005 |
|       axi_iic_main         |     0.002 |
|       data_to_ram          |     0.015 |
|       fifo_clk_x           |     0.003 |
|       fir_decimator        |     0.018 |
|       fir_interpolator     |     0.018 |
|       mixer                |     0.003 |
|       nco                  |     0.007 |
|       sys_ps7              |     0.002 |
|       xcorr1               |     0.018 |
|       xcorr4               |     0.017 |
+----------------------------+-----------+


